<?xml version="1.0" encoding="UTF-8"?>
<!-- Generated by org.testng.reporters.JUnitReportReporter -->
<testsuite hostname="DESKTOP-3JHQIJO" failures="0" tests="1" name="Execution.Practice_runner" time="6.396" errors="0" timestamp="2025-08-24T14:00:28 IST" skipped="0">
  <testcase classname="Execution.Practice_runner" name="runScenario" time="6.396"/>
</testsuite> <!-- Execution.Practice_runner -->
