<?xml version="1.0" encoding="UTF-8"?>
<!-- Generated by org.testng.reporters.JUnitReportReporter -->
<testsuite hostname="DESKTOP-3A2LDMN" failures="0" tests="1" name="api_scripts.Register_shopper" time="4.301" errors="0" timestamp="2025-07-19T17:07:14 IST" skipped="0">
  <testcase classname="api_scripts.Register_shopper" name="register" time="4.301"/>
</testsuite> <!-- api_scripts.Register_shopper -->
